10:03:37.402 [main] DEBUG org.apache.poi.openxml4j.opc.PackageRelationshipCollection - Parsing relationship: /xl/worksheets/_rels/sheet1.xml.rels
10:03:37.420 [main] DEBUG org.apache.poi.openxml4j.opc.PackageRelationshipCollection - Parsing relationship: /_rels/.rels
10:03:37.448 [main] DEBUG org.apache.poi.openxml4j.opc.PackageRelationshipCollection - Parsing relationship: /xl/_rels/workbook.xml.rels
10:03:37.450 [main] DEBUG org.apache.poi.openxml4j.opc.PackageRelationshipCollection - Parsing relationship: /xl/worksheets/_rels/sheet1.xml.rels
10:03:37.450 [main] DEBUG org.apache.poi.openxml4j.opc.PackageRelationshipCollection - Parsing relationship: /_rels/.rels
10:03:37.480 [main] DEBUG org.apache.poi.openxml4j.opc.PackageRelationshipCollection - Parsing relationship: /xl/_rels/workbook.xml.rels
10:03:37.480 [main] DEBUG org.apache.poi.openxml4j.opc.PackageRelationshipCollection - Parsing relationship: /xl/worksheets/_rels/sheet1.xml.rels
10:03:37.482 [main] DEBUG org.apache.poi.openxml4j.opc.PackageRelationshipCollection - Parsing relationship: /_rels/.rels
10:03:37.512 [main] DEBUG org.apache.poi.openxml4j.opc.PackageRelationshipCollection - Parsing relationship: /xl/_rels/workbook.xml.rels
10:03:37.514 [main] DEBUG org.apache.poi.openxml4j.opc.PackageRelationshipCollection - Parsing relationship: /xl/worksheets/_rels/sheet1.xml.rels
10:03:37.516 [main] DEBUG org.apache.poi.openxml4j.opc.PackageRelationshipCollection - Parsing relationship: /_rels/.rels
10:03:37.546 [main] DEBUG org.apache.poi.openxml4j.opc.PackageRelationshipCollection - Parsing relationship: /xl/_rels/workbook.xml.rels
10:03:37.548 [main] DEBUG org.apache.poi.openxml4j.opc.PackageRelationshipCollection - Parsing relationship: /xl/worksheets/_rels/sheet1.xml.rels
10:03:37.550 [main] DEBUG org.apache.poi.openxml4j.opc.PackageRelationshipCollection - Parsing relationship: /_rels/.rels
10:03:37.578 [main] DEBUG org.apache.poi.openxml4j.opc.PackageRelationshipCollection - Parsing relationship: /xl/_rels/workbook.xml.rels
10:03:37.578 [main] DEBUG org.apache.poi.openxml4j.opc.PackageRelationshipCollection - Parsing relationship: /xl/worksheets/_rels/sheet1.xml.rels
10:03:37.583 [main] DEBUG org.apache.poi.openxml4j.opc.PackageRelationshipCollection - Parsing relationship: /_rels/.rels
10:03:37.612 [main] DEBUG org.apache.poi.openxml4j.opc.PackageRelationshipCollection - Parsing relationship: /xl/_rels/workbook.xml.rels
10:03:37.614 [main] DEBUG org.apache.poi.openxml4j.opc.PackageRelationshipCollection - Parsing relationship: /xl/worksheets/_rels/sheet1.xml.rels
10:03:37.614 [main] DEBUG org.apache.poi.openxml4j.opc.PackageRelationshipCollection - Parsing relationship: /_rels/.rels
10:03:37.639 [main] DEBUG org.apache.poi.openxml4j.opc.PackageRelationshipCollection - Parsing relationship: /xl/_rels/workbook.xml.rels
10:03:37.641 [main] DEBUG org.apache.poi.openxml4j.opc.PackageRelationshipCollection - Parsing relationship: /xl/worksheets/_rels/sheet1.xml.rels
10:03:37.641 [main] DEBUG org.apache.poi.openxml4j.opc.PackageRelationshipCollection - Parsing relationship: /_rels/.rels
10:03:37.680 [main] DEBUG org.apache.poi.openxml4j.opc.PackageRelationshipCollection - Parsing relationship: /xl/_rels/workbook.xml.rels
10:03:37.680 [main] DEBUG org.apache.poi.openxml4j.opc.PackageRelationshipCollection - Parsing relationship: /xl/worksheets/_rels/sheet1.xml.rels
10:03:37.686 [main] DEBUG org.apache.poi.openxml4j.opc.PackageRelationshipCollection - Parsing relationship: /_rels/.rels
10:03:37.713 [main] DEBUG org.apache.poi.openxml4j.opc.PackageRelationshipCollection - Parsing relationship: /xl/_rels/workbook.xml.rels
10:03:37.713 [main] DEBUG org.apache.poi.openxml4j.opc.PackageRelationshipCollection - Parsing relationship: /xl/worksheets/_rels/sheet1.xml.rels
10:03:37.715 [main] DEBUG org.apache.poi.openxml4j.opc.PackageRelationshipCollection - Parsing relationship: /_rels/.rels
10:03:37.750 [main] DEBUG org.apache.poi.openxml4j.opc.PackageRelationshipCollection - Parsing relationship: /xl/_rels/workbook.xml.rels
10:03:37.752 [main] DEBUG org.apache.poi.openxml4j.opc.PackageRelationshipCollection - Parsing relationship: /xl/worksheets/_rels/sheet1.xml.rels
10:03:37.754 [main] DEBUG org.apache.poi.openxml4j.opc.PackageRelationshipCollection - Parsing relationship: /_rels/.rels
10:05:44.422 [main] DEBUG org.testng.TestNG - suiteXmlPath: "C:\Automation\myworkspaces\Seleniumwebdriver\OpencartV121\master.xml"
10:05:45.120 [main] INFO  org.testng.internal.Utils - [TestNG] Running:
  C:\Automation\myworkspaces\Seleniumwebdriver\OpencartV121\master.xml

10:05:52.367 [main] INFO  testCases.TC001_AccountRegistrationTest - **** Starting TC001_AccountRegistrationTest  ****
10:05:52.658 [main] INFO  testCases.TC001_AccountRegistrationTest - * Clicked on MyAccount link *
10:05:53.800 [main] INFO  testCases.TC001_AccountRegistrationTest - * Clicked on Register link *
10:05:53.847 [main] INFO  testCases.TC001_AccountRegistrationTest - * Providing Customer details *
10:05:59.366 [main] INFO  testCases.TC001_AccountRegistrationTest - * Validating expected message *
10:06:01.528 [main] INFO  testCases.TC001_AccountRegistrationTest - **** Finished TC001_AccountRegistrationTest  ****
10:06:07.278 [main] INFO  testCases.TC002_LoginTest - *** Starting TC002_LoginTest ***
10:06:09.815 [main] INFO  testCases.TC002_LoginTest - *** Finished TC002_LoginTest ***
10:19:45.734 [main] DEBUG org.testng.TestNG - suiteXmlPath: "C:\Automation\myworkspaces\Seleniumwebdriver\OpencartV121\grouping.xml"
10:19:46.383 [main] INFO  org.testng.internal.Utils - [TestNG] Running:
  C:\Automation\myworkspaces\Seleniumwebdriver\OpencartV121\grouping.xml

10:26:04.845 [main] DEBUG org.testng.TestNG - suiteXmlPath: "C:\Automation\myworkspaces\Seleniumwebdriver\OpencartV121\grouping.xml"
10:26:05.541 [main] INFO  org.testng.internal.Utils - [TestNG] Running:
  C:\Automation\myworkspaces\Seleniumwebdriver\OpencartV121\grouping.xml

10:26:11.589 [main] DEBUG org.apache.poi.openxml4j.opc.PackageRelationshipCollection - Parsing relationship: /xl/_rels/workbook.xml.rels
10:26:11.598 [main] DEBUG org.apache.poi.openxml4j.opc.PackageRelationshipCollection - Parsing relationship: /xl/worksheets/_rels/sheet1.xml.rels
10:26:11.606 [main] DEBUG org.apache.poi.openxml4j.opc.PackageRelationshipCollection - Parsing relationship: /_rels/.rels
10:26:12.370 [main] DEBUG org.apache.poi.openxml4j.opc.PackageRelationshipCollection - Parsing relationship: /xl/_rels/workbook.xml.rels
10:26:12.372 [main] DEBUG org.apache.poi.openxml4j.opc.PackageRelationshipCollection - Parsing relationship: /xl/worksheets/_rels/sheet1.xml.rels
10:26:12.376 [main] DEBUG org.apache.poi.openxml4j.opc.PackageRelationshipCollection - Parsing relationship: /_rels/.rels
10:26:12.433 [main] DEBUG org.apache.poi.openxml4j.opc.PackageRelationshipCollection - Parsing relationship: /xl/_rels/workbook.xml.rels
10:26:12.433 [main] DEBUG org.apache.poi.openxml4j.opc.PackageRelationshipCollection - Parsing relationship: /xl/worksheets/_rels/sheet1.xml.rels
10:26:12.438 [main] DEBUG org.apache.poi.openxml4j.opc.PackageRelationshipCollection - Parsing relationship: /_rels/.rels
10:26:12.490 [main] DEBUG org.apache.poi.openxml4j.opc.PackageRelationshipCollection - Parsing relationship: /xl/_rels/workbook.xml.rels
10:26:12.492 [main] DEBUG org.apache.poi.openxml4j.opc.PackageRelationshipCollection - Parsing relationship: /xl/worksheets/_rels/sheet1.xml.rels
10:26:12.492 [main] DEBUG org.apache.poi.openxml4j.opc.PackageRelationshipCollection - Parsing relationship: /_rels/.rels
10:26:12.529 [main] DEBUG org.apache.poi.openxml4j.opc.PackageRelationshipCollection - Parsing relationship: /xl/_rels/workbook.xml.rels
10:26:12.529 [main] DEBUG org.apache.poi.openxml4j.opc.PackageRelationshipCollection - Parsing relationship: /xl/worksheets/_rels/sheet1.xml.rels
10:26:12.534 [main] DEBUG org.apache.poi.openxml4j.opc.PackageRelationshipCollection - Parsing relationship: /_rels/.rels
10:26:12.569 [main] DEBUG org.apache.poi.openxml4j.opc.PackageRelationshipCollection - Parsing relationship: /xl/_rels/workbook.xml.rels
10:26:12.569 [main] DEBUG org.apache.poi.openxml4j.opc.PackageRelationshipCollection - Parsing relationship: /xl/worksheets/_rels/sheet1.xml.rels
10:26:12.574 [main] DEBUG org.apache.poi.openxml4j.opc.PackageRelationshipCollection - Parsing relationship: /_rels/.rels
10:26:12.613 [main] DEBUG org.apache.poi.openxml4j.opc.PackageRelationshipCollection - Parsing relationship: /xl/_rels/workbook.xml.rels
10:26:12.615 [main] DEBUG org.apache.poi.openxml4j.opc.PackageRelationshipCollection - Parsing relationship: /xl/worksheets/_rels/sheet1.xml.rels
10:26:12.625 [main] DEBUG org.apache.poi.openxml4j.opc.PackageRelationshipCollection - Parsing relationship: /_rels/.rels
10:26:12.655 [main] DEBUG org.apache.poi.openxml4j.opc.PackageRelationshipCollection - Parsing relationship: /xl/_rels/workbook.xml.rels
10:26:12.658 [main] DEBUG org.apache.poi.openxml4j.opc.PackageRelationshipCollection - Parsing relationship: /xl/worksheets/_rels/sheet1.xml.rels
10:26:12.660 [main] DEBUG org.apache.poi.openxml4j.opc.PackageRelationshipCollection - Parsing relationship: /_rels/.rels
10:26:12.687 [main] DEBUG org.apache.poi.openxml4j.opc.PackageRelationshipCollection - Parsing relationship: /xl/_rels/workbook.xml.rels
10:26:12.687 [main] DEBUG org.apache.poi.openxml4j.opc.PackageRelationshipCollection - Parsing relationship: /xl/worksheets/_rels/sheet1.xml.rels
10:26:12.691 [main] DEBUG org.apache.poi.openxml4j.opc.PackageRelationshipCollection - Parsing relationship: /_rels/.rels
10:26:12.740 [main] DEBUG org.apache.poi.openxml4j.opc.PackageRelationshipCollection - Parsing relationship: /xl/_rels/workbook.xml.rels
10:26:12.742 [main] DEBUG org.apache.poi.openxml4j.opc.PackageRelationshipCollection - Parsing relationship: /xl/worksheets/_rels/sheet1.xml.rels
10:26:12.744 [main] DEBUG org.apache.poi.openxml4j.opc.PackageRelationshipCollection - Parsing relationship: /_rels/.rels
10:26:12.802 [main] DEBUG org.apache.poi.openxml4j.opc.PackageRelationshipCollection - Parsing relationship: /xl/_rels/workbook.xml.rels
10:26:12.804 [main] DEBUG org.apache.poi.openxml4j.opc.PackageRelationshipCollection - Parsing relationship: /xl/worksheets/_rels/sheet1.xml.rels
10:26:12.806 [main] DEBUG org.apache.poi.openxml4j.opc.PackageRelationshipCollection - Parsing relationship: /_rels/.rels
10:26:12.857 [main] DEBUG org.apache.poi.openxml4j.opc.PackageRelationshipCollection - Parsing relationship: /xl/_rels/workbook.xml.rels
10:26:12.859 [main] DEBUG org.apache.poi.openxml4j.opc.PackageRelationshipCollection - Parsing relationship: /xl/worksheets/_rels/sheet1.xml.rels
10:26:12.861 [main] DEBUG org.apache.poi.openxml4j.opc.PackageRelationshipCollection - Parsing relationship: /_rels/.rels
10:26:12.889 [main] DEBUG org.apache.poi.openxml4j.opc.PackageRelationshipCollection - Parsing relationship: /xl/_rels/workbook.xml.rels
10:26:12.891 [main] DEBUG org.apache.poi.openxml4j.opc.PackageRelationshipCollection - Parsing relationship: /xl/worksheets/_rels/sheet1.xml.rels
10:26:12.893 [main] DEBUG org.apache.poi.openxml4j.opc.PackageRelationshipCollection - Parsing relationship: /_rels/.rels
10:26:12.926 [main] DEBUG org.apache.poi.openxml4j.opc.PackageRelationshipCollection - Parsing relationship: /xl/_rels/workbook.xml.rels
10:26:12.928 [main] DEBUG org.apache.poi.openxml4j.opc.PackageRelationshipCollection - Parsing relationship: /xl/worksheets/_rels/sheet1.xml.rels
10:26:12.928 [main] DEBUG org.apache.poi.openxml4j.opc.PackageRelationshipCollection - Parsing relationship: /_rels/.rels
10:26:12.966 [main] DEBUG org.apache.poi.openxml4j.opc.PackageRelationshipCollection - Parsing relationship: /xl/_rels/workbook.xml.rels
10:26:12.968 [main] DEBUG org.apache.poi.openxml4j.opc.PackageRelationshipCollection - Parsing relationship: /xl/worksheets/_rels/sheet1.xml.rels
10:26:12.970 [main] DEBUG org.apache.poi.openxml4j.opc.PackageRelationshipCollection - Parsing relationship: /_rels/.rels
10:26:13.000 [main] DEBUG org.apache.poi.openxml4j.opc.PackageRelationshipCollection - Parsing relationship: /xl/_rels/workbook.xml.rels
10:26:13.000 [main] DEBUG org.apache.poi.openxml4j.opc.PackageRelationshipCollection - Parsing relationship: /xl/worksheets/_rels/sheet1.xml.rels
10:26:13.002 [main] DEBUG org.apache.poi.openxml4j.opc.PackageRelationshipCollection - Parsing relationship: /_rels/.rels
10:26:13.037 [main] DEBUG org.apache.poi.openxml4j.opc.PackageRelationshipCollection - Parsing relationship: /xl/_rels/workbook.xml.rels
10:26:13.037 [main] DEBUG org.apache.poi.openxml4j.opc.PackageRelationshipCollection - Parsing relationship: /xl/worksheets/_rels/sheet1.xml.rels
10:26:13.037 [main] DEBUG org.apache.poi.openxml4j.opc.PackageRelationshipCollection - Parsing relationship: /_rels/.rels
10:26:13.076 [main] DEBUG org.apache.poi.openxml4j.opc.PackageRelationshipCollection - Parsing relationship: /xl/_rels/workbook.xml.rels
10:26:13.078 [main] DEBUG org.apache.poi.openxml4j.opc.PackageRelationshipCollection - Parsing relationship: /xl/worksheets/_rels/sheet1.xml.rels
10:26:13.080 [main] DEBUG org.apache.poi.openxml4j.opc.PackageRelationshipCollection - Parsing relationship: /_rels/.rels
10:26:13.112 [main] DEBUG org.apache.poi.openxml4j.opc.PackageRelationshipCollection - Parsing relationship: /xl/_rels/workbook.xml.rels
10:26:13.112 [main] DEBUG org.apache.poi.openxml4j.opc.PackageRelationshipCollection - Parsing relationship: /xl/worksheets/_rels/sheet1.xml.rels
10:26:13.112 [main] DEBUG org.apache.poi.openxml4j.opc.PackageRelationshipCollection - Parsing relationship: /_rels/.rels
10:26:13.139 [main] DEBUG org.apache.poi.openxml4j.opc.PackageRelationshipCollection - Parsing relationship: /xl/_rels/workbook.xml.rels
10:26:13.142 [main] DEBUG org.apache.poi.openxml4j.opc.PackageRelationshipCollection - Parsing relationship: /xl/worksheets/_rels/sheet1.xml.rels
10:26:13.142 [main] DEBUG org.apache.poi.openxml4j.opc.PackageRelationshipCollection - Parsing relationship: /_rels/.rels
10:26:13.170 [main] DEBUG org.apache.poi.openxml4j.opc.PackageRelationshipCollection - Parsing relationship: /xl/_rels/workbook.xml.rels
10:26:13.170 [main] DEBUG org.apache.poi.openxml4j.opc.PackageRelationshipCollection - Parsing relationship: /xl/worksheets/_rels/sheet1.xml.rels
10:26:13.172 [main] DEBUG org.apache.poi.openxml4j.opc.PackageRelationshipCollection - Parsing relationship: /_rels/.rels
10:26:13.199 [main] DEBUG org.apache.poi.openxml4j.opc.PackageRelationshipCollection - Parsing relationship: /xl/_rels/workbook.xml.rels
10:26:13.199 [main] DEBUG org.apache.poi.openxml4j.opc.PackageRelationshipCollection - Parsing relationship: /xl/worksheets/_rels/sheet1.xml.rels
10:26:13.201 [main] DEBUG org.apache.poi.openxml4j.opc.PackageRelationshipCollection - Parsing relationship: /_rels/.rels
10:26:13.223 [main] DEBUG org.apache.poi.openxml4j.opc.PackageRelationshipCollection - Parsing relationship: /xl/_rels/workbook.xml.rels
10:26:13.223 [main] DEBUG org.apache.poi.openxml4j.opc.PackageRelationshipCollection - Parsing relationship: /xl/worksheets/_rels/sheet1.xml.rels
10:26:13.225 [main] DEBUG org.apache.poi.openxml4j.opc.PackageRelationshipCollection - Parsing relationship: /_rels/.rels
10:26:13.249 [main] DEBUG org.apache.poi.openxml4j.opc.PackageRelationshipCollection - Parsing relationship: /xl/_rels/workbook.xml.rels
10:26:13.251 [main] DEBUG org.apache.poi.openxml4j.opc.PackageRelationshipCollection - Parsing relationship: /xl/worksheets/_rels/sheet1.xml.rels
10:26:13.254 [main] DEBUG org.apache.poi.openxml4j.opc.PackageRelationshipCollection - Parsing relationship: /_rels/.rels
10:26:13.278 [main] DEBUG org.apache.poi.openxml4j.opc.PackageRelationshipCollection - Parsing relationship: /xl/_rels/workbook.xml.rels
10:26:13.280 [main] DEBUG org.apache.poi.openxml4j.opc.PackageRelationshipCollection - Parsing relationship: /xl/worksheets/_rels/sheet1.xml.rels
10:26:13.281 [main] DEBUG org.apache.poi.openxml4j.opc.PackageRelationshipCollection - Parsing relationship: /_rels/.rels
10:26:13.303 [main] DEBUG org.apache.poi.openxml4j.opc.PackageRelationshipCollection - Parsing relationship: /xl/_rels/workbook.xml.rels
10:26:13.303 [main] DEBUG org.apache.poi.openxml4j.opc.PackageRelationshipCollection - Parsing relationship: /xl/worksheets/_rels/sheet1.xml.rels
10:26:13.306 [main] DEBUG org.apache.poi.openxml4j.opc.PackageRelationshipCollection - Parsing relationship: /_rels/.rels
10:26:13.332 [main] DEBUG org.apache.poi.openxml4j.opc.PackageRelationshipCollection - Parsing relationship: /xl/_rels/workbook.xml.rels
10:26:13.334 [main] DEBUG org.apache.poi.openxml4j.opc.PackageRelationshipCollection - Parsing relationship: /xl/worksheets/_rels/sheet1.xml.rels
10:26:13.339 [main] DEBUG org.apache.poi.openxml4j.opc.PackageRelationshipCollection - Parsing relationship: /_rels/.rels
10:26:13.366 [main] DEBUG org.apache.poi.openxml4j.opc.PackageRelationshipCollection - Parsing relationship: /xl/_rels/workbook.xml.rels
10:26:13.368 [main] DEBUG org.apache.poi.openxml4j.opc.PackageRelationshipCollection - Parsing relationship: /xl/worksheets/_rels/sheet1.xml.rels
10:26:13.370 [main] DEBUG org.apache.poi.openxml4j.opc.PackageRelationshipCollection - Parsing relationship: /_rels/.rels
10:26:13.398 [main] DEBUG org.apache.poi.openxml4j.opc.PackageRelationshipCollection - Parsing relationship: /xl/_rels/workbook.xml.rels
10:26:13.400 [main] DEBUG org.apache.poi.openxml4j.opc.PackageRelationshipCollection - Parsing relationship: /xl/worksheets/_rels/sheet1.xml.rels
10:26:13.400 [main] DEBUG org.apache.poi.openxml4j.opc.PackageRelationshipCollection - Parsing relationship: /_rels/.rels
10:26:13.427 [main] DEBUG org.apache.poi.openxml4j.opc.PackageRelationshipCollection - Parsing relationship: /xl/_rels/workbook.xml.rels
10:26:13.427 [main] DEBUG org.apache.poi.openxml4j.opc.PackageRelationshipCollection - Parsing relationship: /xl/worksheets/_rels/sheet1.xml.rels
10:26:13.429 [main] DEBUG org.apache.poi.openxml4j.opc.PackageRelationshipCollection - Parsing relationship: /_rels/.rels
10:26:13.452 [main] DEBUG org.apache.poi.openxml4j.opc.PackageRelationshipCollection - Parsing relationship: /xl/_rels/workbook.xml.rels
10:26:13.454 [main] DEBUG org.apache.poi.openxml4j.opc.PackageRelationshipCollection - Parsing relationship: /xl/worksheets/_rels/sheet1.xml.rels
10:26:13.455 [main] DEBUG org.apache.poi.openxml4j.opc.PackageRelationshipCollection - Parsing relationship: /_rels/.rels
10:26:13.477 [main] DEBUG org.apache.poi.openxml4j.opc.PackageRelationshipCollection - Parsing relationship: /xl/_rels/workbook.xml.rels
10:26:13.481 [main] DEBUG org.apache.poi.openxml4j.opc.PackageRelationshipCollection - Parsing relationship: /xl/worksheets/_rels/sheet1.xml.rels
10:26:13.481 [main] DEBUG org.apache.poi.openxml4j.opc.PackageRelationshipCollection - Parsing relationship: /_rels/.rels
10:26:13.507 [main] DEBUG org.apache.poi.openxml4j.opc.PackageRelationshipCollection - Parsing relationship: /xl/_rels/workbook.xml.rels
10:26:13.509 [main] DEBUG org.apache.poi.openxml4j.opc.PackageRelationshipCollection - Parsing relationship: /xl/worksheets/_rels/sheet1.xml.rels
10:26:13.509 [main] DEBUG org.apache.poi.openxml4j.opc.PackageRelationshipCollection - Parsing relationship: /_rels/.rels
10:26:13.524 [main] DEBUG org.apache.poi.openxml4j.opc.PackageRelationshipCollection - Parsing relationship: /xl/_rels/workbook.xml.rels
10:26:13.524 [main] DEBUG org.apache.poi.openxml4j.opc.PackageRelationshipCollection - Parsing relationship: /xl/worksheets/_rels/sheet1.xml.rels
10:26:13.533 [main] DEBUG org.apache.poi.openxml4j.opc.PackageRelationshipCollection - Parsing relationship: /_rels/.rels
10:26:13.554 [main] DEBUG org.apache.poi.openxml4j.opc.PackageRelationshipCollection - Parsing relationship: /xl/_rels/workbook.xml.rels
10:26:13.556 [main] DEBUG org.apache.poi.openxml4j.opc.PackageRelationshipCollection - Parsing relationship: /xl/worksheets/_rels/sheet1.xml.rels
10:26:13.556 [main] DEBUG org.apache.poi.openxml4j.opc.PackageRelationshipCollection - Parsing relationship: /_rels/.rels
10:26:13.578 [main] DEBUG org.apache.poi.openxml4j.opc.PackageRelationshipCollection - Parsing relationship: /xl/_rels/workbook.xml.rels
10:26:13.580 [main] DEBUG org.apache.poi.openxml4j.opc.PackageRelationshipCollection - Parsing relationship: /xl/worksheets/_rels/sheet1.xml.rels
10:26:13.582 [main] DEBUG org.apache.poi.openxml4j.opc.PackageRelationshipCollection - Parsing relationship: /_rels/.rels
10:26:13.600 [main] DEBUG org.apache.poi.openxml4j.opc.PackageRelationshipCollection - Parsing relationship: /xl/_rels/workbook.xml.rels
10:26:13.600 [main] DEBUG org.apache.poi.openxml4j.opc.PackageRelationshipCollection - Parsing relationship: /xl/worksheets/_rels/sheet1.xml.rels
10:26:13.603 [main] DEBUG org.apache.poi.openxml4j.opc.PackageRelationshipCollection - Parsing relationship: /_rels/.rels
10:26:13.629 [main] DEBUG org.apache.poi.openxml4j.opc.PackageRelationshipCollection - Parsing relationship: /xl/_rels/workbook.xml.rels
10:26:13.631 [main] DEBUG org.apache.poi.openxml4j.opc.PackageRelationshipCollection - Parsing relationship: /xl/worksheets/_rels/sheet1.xml.rels
10:26:13.633 [main] DEBUG org.apache.poi.openxml4j.opc.PackageRelationshipCollection - Parsing relationship: /_rels/.rels
10:26:13.654 [main] DEBUG org.apache.poi.openxml4j.opc.PackageRelationshipCollection - Parsing relationship: /xl/_rels/workbook.xml.rels
10:26:13.654 [main] DEBUG org.apache.poi.openxml4j.opc.PackageRelationshipCollection - Parsing relationship: /xl/worksheets/_rels/sheet1.xml.rels
10:26:13.654 [main] DEBUG org.apache.poi.openxml4j.opc.PackageRelationshipCollection - Parsing relationship: /_rels/.rels
10:26:13.680 [main] DEBUG org.apache.poi.openxml4j.opc.PackageRelationshipCollection - Parsing relationship: /xl/_rels/workbook.xml.rels
10:26:13.682 [main] DEBUG org.apache.poi.openxml4j.opc.PackageRelationshipCollection - Parsing relationship: /xl/worksheets/_rels/sheet1.xml.rels
10:26:13.684 [main] DEBUG org.apache.poi.openxml4j.opc.PackageRelationshipCollection - Parsing relationship: /_rels/.rels
10:26:13.709 [main] DEBUG org.apache.poi.openxml4j.opc.PackageRelationshipCollection - Parsing relationship: /xl/_rels/workbook.xml.rels
10:26:13.711 [main] DEBUG org.apache.poi.openxml4j.opc.PackageRelationshipCollection - Parsing relationship: /xl/worksheets/_rels/sheet1.xml.rels
10:26:13.711 [main] DEBUG org.apache.poi.openxml4j.opc.PackageRelationshipCollection - Parsing relationship: /_rels/.rels
10:26:13.741 [main] DEBUG org.apache.poi.openxml4j.opc.PackageRelationshipCollection - Parsing relationship: /xl/_rels/workbook.xml.rels
10:26:13.745 [main] DEBUG org.apache.poi.openxml4j.opc.PackageRelationshipCollection - Parsing relationship: /xl/worksheets/_rels/sheet1.xml.rels
10:26:13.749 [main] DEBUG org.apache.poi.openxml4j.opc.PackageRelationshipCollection - Parsing relationship: /_rels/.rels
10:26:13.784 [main] DEBUG org.apache.poi.openxml4j.opc.PackageRelationshipCollection - Parsing relationship: /xl/_rels/workbook.xml.rels
10:26:13.788 [main] DEBUG org.apache.poi.openxml4j.opc.PackageRelationshipCollection - Parsing relationship: /xl/worksheets/_rels/sheet1.xml.rels
10:26:13.788 [main] DEBUG org.apache.poi.openxml4j.opc.PackageRelationshipCollection - Parsing relationship: /_rels/.rels
10:26:13.820 [main] DEBUG org.apache.poi.openxml4j.opc.PackageRelationshipCollection - Parsing relationship: /xl/_rels/workbook.xml.rels
10:26:13.820 [main] DEBUG org.apache.poi.openxml4j.opc.PackageRelationshipCollection - Parsing relationship: /xl/worksheets/_rels/sheet1.xml.rels
10:26:13.824 [main] DEBUG org.apache.poi.openxml4j.opc.PackageRelationshipCollection - Parsing relationship: /_rels/.rels
10:26:13.838 [main] DEBUG org.apache.poi.openxml4j.opc.PackageRelationshipCollection - Parsing relationship: /xl/_rels/workbook.xml.rels
10:26:13.838 [main] DEBUG org.apache.poi.openxml4j.opc.PackageRelationshipCollection - Parsing relationship: /xl/worksheets/_rels/sheet1.xml.rels
10:26:13.838 [main] DEBUG org.apache.poi.openxml4j.opc.PackageRelationshipCollection - Parsing relationship: /_rels/.rels
10:26:13.854 [main] DEBUG org.apache.poi.openxml4j.opc.PackageRelationshipCollection - Parsing relationship: /xl/_rels/workbook.xml.rels
10:26:13.856 [main] DEBUG org.apache.poi.openxml4j.opc.PackageRelationshipCollection - Parsing relationship: /xl/worksheets/_rels/sheet1.xml.rels
10:26:13.856 [main] DEBUG org.apache.poi.openxml4j.opc.PackageRelationshipCollection - Parsing relationship: /_rels/.rels
10:26:13.912 [main] DEBUG org.apache.poi.openxml4j.opc.PackageRelationshipCollection - Parsing relationship: /xl/_rels/workbook.xml.rels
10:26:13.914 [main] DEBUG org.apache.poi.openxml4j.opc.PackageRelationshipCollection - Parsing relationship: /xl/worksheets/_rels/sheet1.xml.rels
10:26:13.918 [main] DEBUG org.apache.poi.openxml4j.opc.PackageRelationshipCollection - Parsing relationship: /_rels/.rels
10:26:14.001 [main] DEBUG org.apache.poi.openxml4j.opc.PackageRelationshipCollection - Parsing relationship: /xl/_rels/workbook.xml.rels
10:26:14.013 [main] DEBUG org.apache.poi.openxml4j.opc.PackageRelationshipCollection - Parsing relationship: /xl/worksheets/_rels/sheet1.xml.rels
10:26:14.015 [main] DEBUG org.apache.poi.openxml4j.opc.PackageRelationshipCollection - Parsing relationship: /_rels/.rels
10:26:14.048 [main] DEBUG org.apache.poi.openxml4j.opc.PackageRelationshipCollection - Parsing relationship: /xl/_rels/workbook.xml.rels
10:26:14.049 [main] DEBUG org.apache.poi.openxml4j.opc.PackageRelationshipCollection - Parsing relationship: /xl/worksheets/_rels/sheet1.xml.rels
10:26:14.051 [main] DEBUG org.apache.poi.openxml4j.opc.PackageRelationshipCollection - Parsing relationship: /_rels/.rels
10:26:14.200 [main] DEBUG org.apache.poi.openxml4j.opc.PackageRelationshipCollection - Parsing relationship: /xl/_rels/workbook.xml.rels
10:26:14.202 [main] DEBUG org.apache.poi.openxml4j.opc.PackageRelationshipCollection - Parsing relationship: /xl/worksheets/_rels/sheet1.xml.rels
10:26:14.204 [main] DEBUG org.apache.poi.openxml4j.opc.PackageRelationshipCollection - Parsing relationship: /_rels/.rels
10:26:14.234 [main] DEBUG org.apache.poi.openxml4j.opc.PackageRelationshipCollection - Parsing relationship: /xl/_rels/workbook.xml.rels
10:26:14.241 [main] DEBUG org.apache.poi.openxml4j.opc.PackageRelationshipCollection - Parsing relationship: /xl/worksheets/_rels/sheet1.xml.rels
10:26:14.254 [main] DEBUG org.apache.poi.openxml4j.opc.PackageRelationshipCollection - Parsing relationship: /_rels/.rels
10:26:14.602 [main] DEBUG org.apache.poi.openxml4j.opc.PackageRelationshipCollection - Parsing relationship: /xl/_rels/workbook.xml.rels
10:26:14.604 [main] DEBUG org.apache.poi.openxml4j.opc.PackageRelationshipCollection - Parsing relationship: /xl/worksheets/_rels/sheet1.xml.rels
10:26:14.608 [main] DEBUG org.apache.poi.openxml4j.opc.PackageRelationshipCollection - Parsing relationship: /_rels/.rels
10:26:14.651 [main] DEBUG org.apache.poi.openxml4j.opc.PackageRelationshipCollection - Parsing relationship: /xl/_rels/workbook.xml.rels
10:26:14.654 [main] DEBUG org.apache.poi.openxml4j.opc.PackageRelationshipCollection - Parsing relationship: /xl/worksheets/_rels/sheet1.xml.rels
10:26:14.654 [main] DEBUG org.apache.poi.openxml4j.opc.PackageRelationshipCollection - Parsing relationship: /_rels/.rels
10:26:14.728 [main] DEBUG org.apache.poi.openxml4j.opc.PackageRelationshipCollection - Parsing relationship: /xl/_rels/workbook.xml.rels
10:26:14.728 [main] DEBUG org.apache.poi.openxml4j.opc.PackageRelationshipCollection - Parsing relationship: /xl/worksheets/_rels/sheet1.xml.rels
10:26:14.730 [main] DEBUG org.apache.poi.openxml4j.opc.PackageRelationshipCollection - Parsing relationship: /_rels/.rels
10:26:14.762 [main] DEBUG org.apache.poi.openxml4j.opc.PackageRelationshipCollection - Parsing relationship: /xl/_rels/workbook.xml.rels
10:26:14.762 [main] DEBUG org.apache.poi.openxml4j.opc.PackageRelationshipCollection - Parsing relationship: /xl/worksheets/_rels/sheet1.xml.rels
10:26:14.764 [main] DEBUG org.apache.poi.openxml4j.opc.PackageRelationshipCollection - Parsing relationship: /_rels/.rels
10:26:14.814 [main] DEBUG org.apache.poi.openxml4j.opc.PackageRelationshipCollection - Parsing relationship: /xl/_rels/workbook.xml.rels
10:26:14.818 [main] DEBUG org.apache.poi.openxml4j.opc.PackageRelationshipCollection - Parsing relationship: /xl/worksheets/_rels/sheet1.xml.rels
10:26:14.820 [main] DEBUG org.apache.poi.openxml4j.opc.PackageRelationshipCollection - Parsing relationship: /_rels/.rels
10:26:14.849 [main] DEBUG org.apache.poi.openxml4j.opc.PackageRelationshipCollection - Parsing relationship: /xl/_rels/workbook.xml.rels
10:26:14.851 [main] DEBUG org.apache.poi.openxml4j.opc.PackageRelationshipCollection - Parsing relationship: /xl/worksheets/_rels/sheet1.xml.rels
10:26:14.851 [main] DEBUG org.apache.poi.openxml4j.opc.PackageRelationshipCollection - Parsing relationship: /_rels/.rels
10:26:14.877 [main] DEBUG org.apache.poi.openxml4j.opc.PackageRelationshipCollection - Parsing relationship: /xl/_rels/workbook.xml.rels
10:26:14.879 [main] DEBUG org.apache.poi.openxml4j.opc.PackageRelationshipCollection - Parsing relationship: /xl/worksheets/_rels/sheet1.xml.rels
10:26:14.881 [main] DEBUG org.apache.poi.openxml4j.opc.PackageRelationshipCollection - Parsing relationship: /_rels/.rels
10:26:14.912 [main] DEBUG org.apache.poi.openxml4j.opc.PackageRelationshipCollection - Parsing relationship: /xl/_rels/workbook.xml.rels
10:26:14.912 [main] DEBUG org.apache.poi.openxml4j.opc.PackageRelationshipCollection - Parsing relationship: /xl/worksheets/_rels/sheet1.xml.rels
10:26:14.914 [main] DEBUG org.apache.poi.openxml4j.opc.PackageRelationshipCollection - Parsing relationship: /_rels/.rels
10:26:14.940 [main] DEBUG org.apache.poi.openxml4j.opc.PackageRelationshipCollection - Parsing relationship: /xl/_rels/workbook.xml.rels
10:26:14.942 [main] DEBUG org.apache.poi.openxml4j.opc.PackageRelationshipCollection - Parsing relationship: /xl/worksheets/_rels/sheet1.xml.rels
10:26:14.944 [main] DEBUG org.apache.poi.openxml4j.opc.PackageRelationshipCollection - Parsing relationship: /_rels/.rels
10:26:14.968 [main] DEBUG org.apache.poi.openxml4j.opc.PackageRelationshipCollection - Parsing relationship: /xl/_rels/workbook.xml.rels
10:26:14.968 [main] DEBUG org.apache.poi.openxml4j.opc.PackageRelationshipCollection - Parsing relationship: /xl/worksheets/_rels/sheet1.xml.rels
10:26:14.970 [main] DEBUG org.apache.poi.openxml4j.opc.PackageRelationshipCollection - Parsing relationship: /_rels/.rels
10:26:14.996 [main] DEBUG org.apache.poi.openxml4j.opc.PackageRelationshipCollection - Parsing relationship: /xl/_rels/workbook.xml.rels
10:26:14.998 [main] DEBUG org.apache.poi.openxml4j.opc.PackageRelationshipCollection - Parsing relationship: /xl/worksheets/_rels/sheet1.xml.rels
10:26:15.000 [main] DEBUG org.apache.poi.openxml4j.opc.PackageRelationshipCollection - Parsing relationship: /_rels/.rels
10:26:15.024 [main] DEBUG org.apache.poi.openxml4j.opc.PackageRelationshipCollection - Parsing relationship: /xl/_rels/workbook.xml.rels
10:26:15.024 [main] DEBUG org.apache.poi.openxml4j.opc.PackageRelationshipCollection - Parsing relationship: /xl/worksheets/_rels/sheet1.xml.rels
10:26:15.026 [main] DEBUG org.apache.poi.openxml4j.opc.PackageRelationshipCollection - Parsing relationship: /_rels/.rels
10:26:15.054 [main] DEBUG org.apache.poi.openxml4j.opc.PackageRelationshipCollection - Parsing relationship: /xl/_rels/workbook.xml.rels
10:26:15.054 [main] DEBUG org.apache.poi.openxml4j.opc.PackageRelationshipCollection - Parsing relationship: /xl/worksheets/_rels/sheet1.xml.rels
10:26:15.056 [main] DEBUG org.apache.poi.openxml4j.opc.PackageRelationshipCollection - Parsing relationship: /_rels/.rels
10:26:15.083 [main] DEBUG org.apache.poi.openxml4j.opc.PackageRelationshipCollection - Parsing relationship: /xl/_rels/workbook.xml.rels
10:26:15.085 [main] DEBUG org.apache.poi.openxml4j.opc.PackageRelationshipCollection - Parsing relationship: /xl/worksheets/_rels/sheet1.xml.rels
10:26:15.085 [main] DEBUG org.apache.poi.openxml4j.opc.PackageRelationshipCollection - Parsing relationship: /_rels/.rels
11:44:40.709 [main] DEBUG org.testng.TestNG - suiteXmlPath: "C:\Automation\myworkspaces\Seleniumwebdriver\OpencartV121\master.xml"
11:44:41.553 [main] INFO  org.testng.internal.Utils - [TestNG] Running:
  C:\Automation\myworkspaces\Seleniumwebdriver\OpencartV121\master.xml

12:19:34.765 [main] DEBUG org.testng.TestNG - suiteXmlPath: "C:\Automation\myworkspaces\Seleniumwebdriver\OpencartV121\grouping.xml"
12:19:35.935 [main] INFO  org.testng.internal.Utils - [TestNG] Running:
  C:\Automation\myworkspaces\Seleniumwebdriver\OpencartV121\grouping.xml

12:19:48.574 [main] INFO  testCases.TC001_AccountRegistrationTest - **** Starting TC001_AccountRegistrationTest  ****
12:19:48.972 [main] INFO  testCases.TC001_AccountRegistrationTest - * Clicked on MyAccount link *
12:19:50.069 [main] INFO  testCases.TC001_AccountRegistrationTest - * Clicked on Register link *
12:19:50.096 [main] INFO  testCases.TC001_AccountRegistrationTest - * Providing Customer details *
12:19:55.209 [main] INFO  testCases.TC001_AccountRegistrationTest - * Validating expected message *
12:19:57.534 [main] INFO  testCases.TC001_AccountRegistrationTest - **** Finished TC001_AccountRegistrationTest  ****
12:20:09.255 [main] INFO  testCases.TC002_LoginTest - *** Starting TC002_LoginTest ***
12:20:14.685 [main] INFO  testCases.TC002_LoginTest - *** Finished TC002_LoginTest ***
12:22:15.341 [main] DEBUG org.testng.TestNG - suiteXmlPath: "C:\Automation\myworkspaces\Seleniumwebdriver\OpencartV121\grouping.xml"
12:22:16.132 [main] INFO  org.testng.internal.Utils - [TestNG] Running:
  C:\Automation\myworkspaces\Seleniumwebdriver\OpencartV121\grouping.xml

12:22:24.181 [main] INFO  testCases.TC001_AccountRegistrationTest - **** Starting TC001_AccountRegistrationTest  ****
12:22:24.728 [main] INFO  testCases.TC001_AccountRegistrationTest - * Clicked on MyAccount link *
12:22:25.859 [main] INFO  testCases.TC001_AccountRegistrationTest - * Clicked on Register link *
12:22:25.890 [main] INFO  testCases.TC001_AccountRegistrationTest - * Providing Customer details *
12:22:31.579 [main] INFO  testCases.TC001_AccountRegistrationTest - * Validating expected message *
12:22:33.770 [main] INFO  testCases.TC001_AccountRegistrationTest - **** Finished TC001_AccountRegistrationTest  ****
12:22:44.229 [main] INFO  testCases.TC002_LoginTest - *** Starting TC002_LoginTest ***
12:22:47.498 [main] INFO  testCases.TC002_LoginTest - *** Finished TC002_LoginTest ***
12:25:18.432 [main] DEBUG org.testng.TestNG - suiteXmlPath: "C:\Automation\myworkspaces\Seleniumwebdriver\OpencartV121\grouping.xml"
12:25:18.930 [main] INFO  org.testng.internal.Utils - [TestNG] Running:
  C:\Automation\myworkspaces\Seleniumwebdriver\OpencartV121\grouping.xml

12:25:25.204 [main] INFO  testCases.TC001_AccountRegistrationTest - **** Starting TC001_AccountRegistrationTest  ****
12:25:25.502 [main] INFO  testCases.TC001_AccountRegistrationTest - * Clicked on MyAccount link *
12:25:26.320 [main] INFO  testCases.TC001_AccountRegistrationTest - * Clicked on Register link *
12:25:26.329 [main] INFO  testCases.TC001_AccountRegistrationTest - * Providing Customer details *
12:25:30.922 [main] INFO  testCases.TC001_AccountRegistrationTest - * Validating expected message *
12:25:33.044 [main] INFO  testCases.TC001_AccountRegistrationTest - **** Finished TC001_AccountRegistrationTest  ****
12:25:38.868 [main] INFO  testCases.TC002_LoginTest - *** Starting TC002_LoginTest ***
12:32:35.939 [main] DEBUG org.testng.TestNG - suiteXmlPath: "C:\Automation\myworkspaces\Seleniumwebdriver\OpencartV121\grouping.xml"
12:32:36.574 [main] INFO  org.testng.internal.Utils - [TestNG] Running:
  C:\Automation\myworkspaces\Seleniumwebdriver\OpencartV121\grouping.xml

12:32:43.492 [main] INFO  testCases.TC001_AccountRegistrationTest - **** Starting TC001_AccountRegistrationTest  ****
12:32:44.101 [main] INFO  testCases.TC001_AccountRegistrationTest - * Clicked on MyAccount link *
12:32:45.207 [main] INFO  testCases.TC001_AccountRegistrationTest - * Clicked on Register link *
12:32:45.225 [main] INFO  testCases.TC001_AccountRegistrationTest - * Providing Customer details *
12:32:50.188 [main] INFO  testCases.TC001_AccountRegistrationTest - * Validating expected message *
12:32:52.285 [main] INFO  testCases.TC001_AccountRegistrationTest - **** Finished TC001_AccountRegistrationTest  ****
12:32:58.471 [main] INFO  testCases.TC002_LoginTest - *** Starting TC002_LoginTest ***
12:33:01.058 [main] INFO  testCases.TC002_LoginTest - *** Finished TC002_LoginTest ***
12:34:39.515 [main] DEBUG org.testng.TestNG - suiteXmlPath: "C:\Automation\myworkspaces\Seleniumwebdriver\OpencartV121\test-output\testng-failed.xml"
12:34:40.180 [main] INFO  org.testng.internal.Utils - [TestNG] Running:
  C:\Automation\myworkspaces\Seleniumwebdriver\OpencartV121\test-output\testng-failed.xml

12:34:46.970 [main] INFO  testCases.TC002_LoginTest - *** Starting TC002_LoginTest ***
12:34:49.944 [main] INFO  testCases.TC002_LoginTest - *** Finished TC002_LoginTest ***
11:29:45.027 [main] DEBUG org.testng.TestNG - suiteXmlPath: "C:\Automation\myworkspaces\Seleniumwebdriver\OpencartV121\grouping.xml"
11:29:45.958 [main] INFO  org.testng.internal.Utils - [TestNG] Running:
  C:\Automation\myworkspaces\Seleniumwebdriver\OpencartV121\grouping.xml

11:29:46.988 [main] INFO  testCases.TC001_AccountRegistrationTest - **** Starting TC001_AccountRegistrationTest  ****
11:29:47.126 [main] ERROR testCases.TC001_AccountRegistrationTest - * Test failed... *
11:29:47.127 [main] DEBUG testCases.TC001_AccountRegistrationTest - * Debug logs... *
11:30:34.696 [main] DEBUG org.testng.TestNG - suiteXmlPath: "C:\Automation\myworkspaces\Seleniumwebdriver\OpencartV121\grouping.xml"
11:30:35.300 [main] INFO  org.testng.internal.Utils - [TestNG] Running:
  C:\Automation\myworkspaces\Seleniumwebdriver\OpencartV121\grouping.xml

11:30:36.031 [main] INFO  testCases.TC001_AccountRegistrationTest - **** Starting TC001_AccountRegistrationTest  ****
11:30:36.075 [main] ERROR testCases.TC001_AccountRegistrationTest - * Test failed... *
11:30:36.075 [main] DEBUG testCases.TC001_AccountRegistrationTest - * Debug logs... *
11:31:05.131 [main] DEBUG org.testng.TestNG - suiteXmlPath: "C:\Automation\myworkspaces\Seleniumwebdriver\OpencartV121\master.xml"
11:31:41.024 [main] DEBUG org.testng.TestNG - suiteXmlPath: "C:\Automation\myworkspaces\Seleniumwebdriver\OpencartV121\master.xml"
11:46:24.006 [main] DEBUG org.testng.TestNG - suiteXmlPath: "C:\Automation\myworkspaces\Seleniumwebdriver\OpencartV121\master.xml"
11:47:19.427 [main] DEBUG org.testng.TestNG - suiteXmlPath: "C:\Automation\myworkspaces\Seleniumwebdriver\OpencartV121\master.xml"
11:50:01.563 [main] DEBUG org.testng.TestNG - suiteXmlPath: "C:\Automation\myworkspaces\Seleniumwebdriver\OpencartV121\master.xml"
11:54:44.623 [main] DEBUG org.testng.TestNG - suiteXmlPath: "C:\Automation\myworkspaces\Seleniumwebdriver\OpencartV121\master.xml"
11:55:28.887 [main] DEBUG org.testng.TestNG - suiteXmlPath: "C:\Automation\myworkspaces\Seleniumwebdriver\OpencartV121\master.xml"
11:56:38.921 [main] DEBUG org.testng.TestNG - suiteXmlPath: "C:\Automation\myworkspaces\Seleniumwebdriver\OpencartV121\master.xml"
11:57:56.534 [main] DEBUG org.testng.TestNG - suiteXmlPath: "C:\Automation\myworkspaces\Seleniumwebdriver\OpencartV121\master.xml"
11:59:24.697 [main] DEBUG org.testng.TestNG - suiteXmlPath: "C:\Automation\myworkspaces\Seleniumwebdriver\OpencartV121\master.xml"
12:01:28.829 [main] DEBUG org.testng.TestNG - suiteXmlPath: "C:\Automation\myworkspaces\Seleniumwebdriver\OpencartV121\master.xml"
12:09:22.529 [main] DEBUG org.testng.TestNG - suiteXmlPath: "C:\Automation\myworkspaces\Seleniumwebdriver\OpencartV121\master.xml"
12:09:54.727 [main] DEBUG org.testng.TestNG - suiteXmlPath: "C:\Automation\myworkspaces\Seleniumwebdriver\OpencartV121\master.xml"
12:10:31.309 [main] DEBUG org.testng.TestNG - suiteXmlPath: "C:\Automation\myworkspaces\Seleniumwebdriver\OpencartV121\master.xml"
12:17:30.453 [main] DEBUG org.testng.TestNG - suiteXmlPath: "C:\Automation\myworkspaces\Seleniumwebdriver\OpencartV121\master.xml"
12:21:26.997 [main] DEBUG org.testng.TestNG - suiteXmlPath: "C:\Automation\myworkspaces\Seleniumwebdriver\OpencartV121\master.xml"
12:21:42.663 [main] DEBUG org.testng.TestNG - suiteXmlPath: "C:\Automation\myworkspaces\Seleniumwebdriver\OpencartV121\master.xml"
12:25:50.181 [main] DEBUG org.testng.TestNG - suiteXmlPath: "C:\Automation\myworkspaces\Seleniumwebdriver\OpencartV121\master.xml"
12:27:41.470 [main] DEBUG org.testng.TestNG - suiteXmlPath: "C:\Automation\myworkspaces\Seleniumwebdriver\OpencartV121\master.xml"
18:32:20.493 [main] DEBUG org.testng.TestNG - suiteXmlPath: "C:\Automation\myworkspaces\Seleniumwebdriver\OpencartV121\master.xml"
18:50:47.649 [main] DEBUG org.testng.TestNG - suiteXmlPath: "C:\Automation\myworkspaces\Seleniumwebdriver\OpencartV121\master.xml"
18:57:01.459 [main] DEBUG org.testng.TestNG - suiteXmlPath: "C:\Automation\myworkspaces\Seleniumwebdriver\OpencartV121\master.xml"
18:57:16.995 [main] DEBUG org.testng.TestNG - suiteXmlPath: "C:\Automation\myworkspaces\Seleniumwebdriver\OpencartV121\master.xml"
18:57:46.996 [main] DEBUG org.testng.TestNG - suiteXmlPath: "C:\Automation\myworkspaces\Seleniumwebdriver\OpencartV121\grouping.xml"
18:57:47.635 [main] INFO  org.testng.internal.Utils - [TestNG] Running:
  C:\Automation\myworkspaces\Seleniumwebdriver\OpencartV121\grouping.xml

18:58:01.238 [main] INFO  testCases.TC001_AccountRegistrationTest - **** Starting TC001_AccountRegistrationTest  ****
18:58:01.585 [main] INFO  testCases.TC001_AccountRegistrationTest - * Clicked on MyAccount link *
18:58:02.476 [main] INFO  testCases.TC001_AccountRegistrationTest - * Clicked on Register link *
18:58:02.486 [main] INFO  testCases.TC001_AccountRegistrationTest - * Providing Customer details *
18:58:07.366 [main] INFO  testCases.TC001_AccountRegistrationTest - * Validating expected message *
18:58:09.469 [main] INFO  testCases.TC001_AccountRegistrationTest - **** Finished TC001_AccountRegistrationTest  ****
18:58:19.569 [main] INFO  testCases.TC002_LoginTest - *** Starting TC002_LoginTest ***
18:58:22.550 [main] INFO  testCases.TC002_LoginTest - *** Finished TC002_LoginTest ***
18:59:27.388 [main] DEBUG org.testng.TestNG - suiteXmlPath: "C:\Automation\myworkspaces\Seleniumwebdriver\OpencartV121\grouping.xml"
18:59:39.375 [main] INFO  testCases.TC001_AccountRegistrationTest - **** Starting TC001_AccountRegistrationTest  ****
18:59:39.882 [main] INFO  testCases.TC001_AccountRegistrationTest - * Clicked on MyAccount link *
18:59:41.963 [main] INFO  testCases.TC001_AccountRegistrationTest - * Clicked on Register link *
18:59:41.985 [main] INFO  testCases.TC001_AccountRegistrationTest - * Providing Customer details *
18:59:48.129 [main] INFO  testCases.TC001_AccountRegistrationTest - * Validating expected message *
18:59:50.265 [main] INFO  testCases.TC001_AccountRegistrationTest - **** Finished TC001_AccountRegistrationTest  ****
18:59:58.358 [main] INFO  testCases.TC002_LoginTest - *** Starting TC002_LoginTest ***
19:00:01.085 [main] INFO  testCases.TC002_LoginTest - *** Finished TC002_LoginTest ***
19:05:29.348 [main] DEBUG org.testng.TestNG - suiteXmlPath: "C:\Automation\myworkspaces\Seleniumwebdriver\OpencartV121\grouping.xml"
19:05:41.858 [main] INFO  testCases.TC001_AccountRegistrationTest - **** Starting TC001_AccountRegistrationTest  ****
19:05:42.309 [main] INFO  testCases.TC001_AccountRegistrationTest - * Clicked on MyAccount link *
19:05:43.945 [main] INFO  testCases.TC001_AccountRegistrationTest - * Clicked on Register link *
19:05:43.951 [main] INFO  testCases.TC001_AccountRegistrationTest - * Providing Customer details *
19:05:48.770 [main] INFO  testCases.TC001_AccountRegistrationTest - * Validating expected message *
19:05:50.927 [main] INFO  testCases.TC001_AccountRegistrationTest - **** Finished TC001_AccountRegistrationTest  ****
19:05:56.866 [main] INFO  testCases.TC002_LoginTest - *** Starting TC002_LoginTest ***
19:05:59.785 [main] INFO  testCases.TC002_LoginTest - *** Finished TC002_LoginTest ***
19:06:56.098 [main] DEBUG org.testng.TestNG - suiteXmlPath: "C:\Automation\myworkspaces\Seleniumwebdriver\OpencartV121\grouping.xml"
19:06:56.758 [main] INFO  org.testng.internal.Utils - [TestNG] Running:
  C:\Automation\myworkspaces\Seleniumwebdriver\OpencartV121\grouping.xml

19:08:00.561 [main] DEBUG org.testng.TestNG - suiteXmlPath: "C:\Automation\myworkspaces\Seleniumwebdriver\OpencartV121\grouping.xml"
19:09:44.638 [main] DEBUG org.testng.TestNG - suiteXmlPath: "C:\Automation\myworkspaces\Seleniumwebdriver\OpencartV121\grouping.xml"
19:10:40.082 [main] DEBUG org.testng.TestNG - suiteXmlPath: "C:\Automation\myworkspaces\Seleniumwebdriver\OpencartV121\grouping.xml"
19:10:57.314 [main] INFO  testCases.TC001_AccountRegistrationTest - **** Starting TC001_AccountRegistrationTest  ****
19:10:57.731 [main] INFO  testCases.TC001_AccountRegistrationTest - * Clicked on MyAccount link *
19:10:59.534 [main] INFO  testCases.TC001_AccountRegistrationTest - * Clicked on Register link *
19:10:59.551 [main] INFO  testCases.TC001_AccountRegistrationTest - * Providing Customer details *
19:11:02.339 [main] ERROR testCases.TC001_AccountRegistrationTest - * Test failed... *
19:11:02.339 [main] DEBUG testCases.TC001_AccountRegistrationTest - * Debug logs... *
19:11:09.113 [main] INFO  testCases.TC002_LoginTest - *** Starting TC002_LoginTest ***
19:11:12.633 [main] INFO  testCases.TC002_LoginTest - *** Finished TC002_LoginTest ***
19:12:39.651 [main] DEBUG org.testng.TestNG - suiteXmlPath: "C:\Automation\myworkspaces\Seleniumwebdriver\OpencartV121\grouping.xml"
19:12:46.495 [main] INFO  testCases.TC001_AccountRegistrationTest - **** Starting TC001_AccountRegistrationTest  ****
19:12:47.126 [main] INFO  testCases.TC001_AccountRegistrationTest - * Clicked on MyAccount link *
19:12:48.044 [main] INFO  testCases.TC001_AccountRegistrationTest - * Clicked on Register link *
19:12:48.047 [main] INFO  testCases.TC001_AccountRegistrationTest - * Providing Customer details *
19:12:50.336 [main] ERROR testCases.TC001_AccountRegistrationTest - * Test failed... *
19:12:50.336 [main] DEBUG testCases.TC001_AccountRegistrationTest - * Debug logs... *
19:12:55.993 [main] INFO  testCases.TC002_LoginTest - *** Starting TC002_LoginTest ***
19:12:59.375 [main] INFO  testCases.TC002_LoginTest - *** Finished TC002_LoginTest ***
19:13:33.356 [main] DEBUG org.testng.TestNG - suiteXmlPath: "C:\Automation\myworkspaces\Seleniumwebdriver\OpencartV121\grouping.xml"
19:13:41.201 [main] INFO  testCases.TC001_AccountRegistrationTest - **** Starting TC001_AccountRegistrationTest  ****
19:13:41.812 [main] INFO  testCases.TC001_AccountRegistrationTest - * Clicked on MyAccount link *
19:13:42.226 [main] INFO  testCases.TC001_AccountRegistrationTest - * Clicked on Register link *
19:13:42.270 [main] INFO  testCases.TC001_AccountRegistrationTest - * Providing Customer details *
19:13:52.393 [main] ERROR testCases.TC001_AccountRegistrationTest - * Test failed... *
19:13:52.394 [main] DEBUG testCases.TC001_AccountRegistrationTest - * Debug logs... *
19:13:58.093 [main] INFO  testCases.TC002_LoginTest - *** Starting TC002_LoginTest ***
19:14:01.390 [main] INFO  testCases.TC002_LoginTest - *** Finished TC002_LoginTest ***
19:14:57.298 [main] DEBUG org.testng.TestNG - suiteXmlPath: "C:\Automation\myworkspaces\Seleniumwebdriver\OpencartV121\grouping.xml"
19:15:04.792 [main] INFO  testCases.TC001_AccountRegistrationTest - **** Starting TC001_AccountRegistrationTest  ****
19:15:05.704 [main] INFO  testCases.TC001_AccountRegistrationTest - * Clicked on MyAccount link *
19:15:06.638 [main] INFO  testCases.TC001_AccountRegistrationTest - * Clicked on Register link *
19:15:06.648 [main] INFO  testCases.TC001_AccountRegistrationTest - * Providing Customer details *
19:15:11.843 [main] INFO  testCases.TC001_AccountRegistrationTest - * Validating expected message *
19:15:14.052 [main] INFO  testCases.TC001_AccountRegistrationTest - **** Finished TC001_AccountRegistrationTest  ****
19:15:18.454 [main] INFO  testCases.TC002_LoginTest - *** Starting TC002_LoginTest ***
19:15:21.746 [main] INFO  testCases.TC002_LoginTest - *** Finished TC002_LoginTest ***
20:19:05.933 [main] DEBUG org.testng.TestNG - suiteXmlPath: "C:\Automation\myworkspaces\Seleniumwebdriver\OpencartV121\master.xml"
20:19:30.797 [main] INFO  testCases.TC001_AccountRegistrationTest - **** Starting TC001_AccountRegistrationTest  ****
20:19:31.346 [main] INFO  testCases.TC001_AccountRegistrationTest - * Clicked on MyAccount link *
20:19:32.920 [main] INFO  testCases.TC001_AccountRegistrationTest - * Clicked on Register link *
20:19:32.929 [main] INFO  testCases.TC001_AccountRegistrationTest - * Providing Customer details *
20:19:37.402 [main] INFO  testCases.TC001_AccountRegistrationTest - * Validating expected message *
20:19:39.479 [main] INFO  testCases.TC001_AccountRegistrationTest - **** Finished TC001_AccountRegistrationTest  ****
20:19:45.684 [main] INFO  testCases.TC002_LoginTest - *** Starting TC002_LoginTest ***
20:19:47.914 [main] INFO  testCases.TC002_LoginTest - *** Finished TC002_LoginTest ***
